-------------------------------------------------------------------------------
Test set: com.parkit.parkingsystem.integration.ParkingDataBaseIT
-------------------------------------------------------------------------------
Tests run: 3, Failures: 0, Errors: 1, Skipped: 0, Time elapsed: 8.659 s <<< FAILURE! - in com.parkit.parkingsystem.integration.ParkingDataBaseIT
testParkingLotExit  Time elapsed: 0.586 s  <<< ERROR!
java.lang.NullPointerException
	at com.parkit.parkingsystem.integration.ParkingDataBaseIT.testParkingLotExit(ParkingDataBaseIT.java:83)

